<?xml version="1.0" encoding="UTF-8"?>
<coverage generated="1706587716044" clover="3.2.0">
  <project timestamp="1706587716044" name="All files">
    <metrics statements="80" coveredstatements="76" conditionals="46" coveredconditionals="31" methods="16" coveredmethods="15" elements="142" coveredelements="122" complexity="0" loc="80" ncloc="80" packages="2" files="3" classes="3"/>
    <package name="components">
      <metrics statements="58" coveredstatements="54" conditionals="36" coveredconditionals="21" methods="11" coveredmethods="10"/>
      <file name="StopWatch.tsx" path="/Users/oelmalak.22/Desktop/eng-intern-assessment-react/src/components/StopWatch.tsx">
        <metrics statements="58" coveredstatements="54" conditionals="36" coveredconditionals="21" methods="11" coveredmethods="10"/>
        <line num="13" count="33" type="stmt"/>
        <line num="25" count="33" type="stmt"/>
        <line num="35" count="33" type="stmt"/>
        <line num="38" count="33" type="stmt"/>
        <line num="41" count="33" type="stmt"/>
        <line num="42" count="6" type="stmt"/>
        <line num="45" count="33" type="stmt"/>
        <line num="47" count="33" type="stmt"/>
        <line num="49" count="33" type="stmt"/>
        <line num="52" count="33" type="stmt"/>
        <line num="53" count="21" type="cond" truecount="2" falsecount="0"/>
        <line num="55" count="14" type="stmt"/>
        <line num="56" count="14" type="stmt"/>
        <line num="59" count="14" type="stmt"/>
        <line num="60" count="2800" type="stmt"/>
        <line num="61" count="2800" type="stmt"/>
        <line num="68" count="21" type="stmt"/>
        <line num="69" count="21" type="stmt"/>
        <line num="74" count="33" type="cond" truecount="1" falsecount="1"/>
        <line num="75" count="33" type="cond" truecount="1" falsecount="1"/>
        <line num="76" count="33" type="cond" truecount="2" falsecount="0"/>
        <line num="77" count="33" type="cond" truecount="1" falsecount="3"/>
        <line num="80" count="33" type="stmt"/>
        <line num="82" count="33" type="stmt"/>
        <line num="85" count="33" type="stmt"/>
        <line num="86" count="33" type="stmt"/>
        <line num="88" count="33" type="stmt"/>
        <line num="89" count="33" type="stmt"/>
        <line num="92" count="33" type="stmt"/>
        <line num="95" count="3" type="cond" truecount="2" falsecount="0"/>
        <line num="97" count="2" type="stmt"/>
        <line num="100" count="2" type="cond" truecount="2" falsecount="0"/>
        <line num="102" count="1" type="stmt"/>
        <line num="105" count="1" type="cond" truecount="1" falsecount="1"/>
        <line num="106" count="1" type="cond" truecount="1" falsecount="1"/>
        <line num="107" count="1" type="cond" truecount="1" falsecount="1"/>
        <line num="108" count="1" type="cond" truecount="1" falsecount="3"/>
        <line num="111" count="1" type="cond" truecount="1" falsecount="1"/>
        <line num="112" count="1" type="stmt"/>
        <line num="113" count="1" type="stmt"/>
        <line num="114" count="0" type="cond" truecount="0" falsecount="2"/>
        <line num="115" count="0" type="stmt"/>
        <line num="116" count="0" type="stmt"/>
        <line num="122" count="1" type="stmt"/>
        <line num="125" count="1" type="stmt"/>
        <line num="126" count="1" type="stmt"/>
        <line num="129" count="1" type="stmt"/>
        <line num="136" count="1" type="stmt"/>
        <line num="137" count="1" type="stmt"/>
        <line num="138" count="1" type="stmt"/>
        <line num="139" count="1" type="stmt"/>
        <line num="141" count="1" type="stmt"/>
        <line num="142" count="1" type="stmt"/>
        <line num="144" count="1" type="stmt"/>
        <line num="145" count="1" type="stmt"/>
        <line num="151" count="33" type="stmt"/>
        <line num="173" count="9" type="stmt"/>
        <line num="175" count="0" type="stmt"/>
      </file>
    </package>
    <package name="components.buttons">
      <metrics statements="22" coveredstatements="22" conditionals="10" coveredconditionals="10" methods="5" coveredmethods="5"/>
      <file name="LapResetButton.tsx" path="/Users/oelmalak.22/Desktop/eng-intern-assessment-react/src/components/buttons/LapResetButton.tsx">
        <metrics statements="11" coveredstatements="11" conditionals="6" coveredconditionals="6" methods="2" coveredmethods="2"/>
        <line num="10" count="33" type="stmt"/>
        <line num="22" count="33" type="stmt"/>
        <line num="34" count="33" type="stmt"/>
        <line num="35" count="33" type="stmt"/>
        <line num="37" count="33" type="cond" truecount="2" falsecount="0"/>
        <line num="38" count="33" type="cond" truecount="2" falsecount="0"/>
        <line num="42" count="33" type="stmt"/>
        <line num="44" count="3" type="cond" truecount="2" falsecount="0"/>
        <line num="45" count="1" type="stmt"/>
        <line num="49" count="2" type="stmt"/>
        <line num="54" count="33" type="stmt"/>
      </file>
      <file name="StartStopButton.tsx" path="/Users/oelmalak.22/Desktop/eng-intern-assessment-react/src/components/buttons/StartStopButton.tsx">
        <metrics statements="11" coveredstatements="11" conditionals="4" coveredconditionals="4" methods="3" coveredmethods="3"/>
        <line num="9" count="33" type="stmt"/>
        <line num="21" count="33" type="stmt"/>
        <line num="33" count="33" type="stmt"/>
        <line num="34" count="33" type="stmt"/>
        <line num="36" count="33" type="stmt"/>
        <line num="38" count="33" type="stmt"/>
        <line num="39" count="6" type="stmt"/>
        <line num="41" count="6" type="stmt"/>
        <line num="44" count="33" type="cond" truecount="2" falsecount="0"/>
        <line num="45" count="33" type="cond" truecount="2" falsecount="0"/>
        <line num="47" count="33" type="stmt"/>
      </file>
    </package>
  </project>
</coverage>
