{"/Users/oelmalak.22/Desktop/eng-intern-assessment-react/src/components/StopWatch.tsx": {"path":"/Users/oelmalak.22/Desktop/eng-intern-assessment-react/src/components/StopWatch.tsx","statementMap":{"0":{"start":{"line":13,"column":32},"end":{"line":22,"column":5}},"1":{"start":{"line":25,"column":27},"end":{"line":33,"column":5}},"2":{"start":{"line":35,"column":24},"end":{"line":35,"column":43}},"3":{"start":{"line":38,"column":36},"end":{"line":38,"column":51}},"4":{"start":{"line":41,"column":28},"end":{"line":43,"column":5}},"5":{"start":{"line":42,"column":8},"end":{"line":42,"column":30}},"6":{"start":{"line":45,"column":28},"end":{"line":45,"column":39}},"7":{"start":{"line":47,"column":38},"end":{"line":47,"column":52}},"8":{"start":{"line":49,"column":44},"end":{"line":49,"column":58}},"9":{"start":{"line":52,"column":4},"end":{"line":71,"column":36}},"10":{"start":{"line":53,"column":8},"end":{"line":65,"column":9}},"11":{"start":{"line":55,"column":22},"end":{"line":55,"column":32}},"12":{"start":{"line":56,"column":12},"end":{"line":56,"column":45}},"13":{"start":{"line":59,"column":12},"end":{"line":64,"column":14}},"14":{"start":{"line":60,"column":26},"end":{"line":60,"column":36}},"15":{"start":{"line":61,"column":16},"end":{"line":61,"column":49}},"16":{"start":{"line":68,"column":8},"end":{"line":70,"column":10}},"17":{"start":{"line":69,"column":12},"end":{"line":69,"column":40}},"18":{"start":{"line":74,"column":15},"end":{"line":74,"column":143}},"19":{"start":{"line":75,"column":16},"end":{"line":75,"column":192}},"20":{"start":{"line":76,"column":16},"end":{"line":76,"column":156}},"21":{"start":{"line":77,"column":18},"end":{"line":77,"column":135}},"22":{"start":{"line":80,"column":28},"end":{"line":80,"column":50}},"23":{"start":{"line":82,"column":34},"end":{"line":82,"column":56}},"24":{"start":{"line":85,"column":40},"end":{"line":85,"column":51}},"25":{"start":{"line":86,"column":50},"end":{"line":86,"column":61}},"26":{"start":{"line":88,"column":40},"end":{"line":88,"column":51}},"27":{"start":{"line":89,"column":50},"end":{"line":89,"column":61}},"28":{"start":{"line":92,"column":24},"end":{"line":149,"column":5}},"29":{"start":{"line":95,"column":8},"end":{"line":146,"column":9}},"30":{"start":{"line":97,"column":12},"end":{"line":97,"column":62}},"31":{"start":{"line":97,"column":38},"end":{"line":97,"column":60}},"32":{"start":{"line":100,"column":12},"end":{"line":130,"column":13}},"33":{"start":{"line":102,"column":32},"end":{"line":102,"column":66}},"34":{"start":{"line":105,"column":34},"end":{"line":105,"column":171}},"35":{"start":{"line":106,"column":35},"end":{"line":106,"column":220}},"36":{"start":{"line":107,"column":35},"end":{"line":107,"column":184}},"37":{"start":{"line":108,"column":37},"end":{"line":108,"column":169}},"38":{"start":{"line":111,"column":16},"end":{"line":117,"column":17}},"39":{"start":{"line":112,"column":20},"end":{"line":112,"column":42}},"40":{"start":{"line":113,"column":20},"end":{"line":113,"column":54}},"41":{"start":{"line":114,"column":23},"end":{"line":117,"column":17}},"42":{"start":{"line":115,"column":20},"end":{"line":115,"column":42}},"43":{"start":{"line":116,"column":20},"end":{"line":116,"column":54}},"44":{"start":{"line":122,"column":16},"end":{"line":122,"column":121}},"45":{"start":{"line":122,"column":36},"end":{"line":122,"column":119}},"46":{"start":{"line":125,"column":16},"end":{"line":125,"column":36}},"47":{"start":{"line":126,"column":16},"end":{"line":126,"column":36}},"48":{"start":{"line":129,"column":16},"end":{"line":129,"column":93}},"49":{"start":{"line":129,"column":36},"end":{"line":129,"column":91}},"50":{"start":{"line":136,"column":12},"end":{"line":136,"column":31}},"51":{"start":{"line":137,"column":12},"end":{"line":137,"column":23}},"52":{"start":{"line":138,"column":12},"end":{"line":138,"column":24}},"53":{"start":{"line":139,"column":12},"end":{"line":139,"column":27}},"54":{"start":{"line":141,"column":12},"end":{"line":141,"column":51}},"55":{"start":{"line":142,"column":12},"end":{"line":142,"column":34}},"56":{"start":{"line":144,"column":12},"end":{"line":144,"column":51}},"57":{"start":{"line":145,"column":12},"end":{"line":145,"column":34}},"58":{"start":{"line":151,"column":4},"end":{"line":187,"column":5}},"59":{"start":{"line":173,"column":24},"end":{"line":180,"column":29}},"60":{"start":{"line":175,"column":43},"end":{"line":175,"column":59}}},"fnMap":{"0":{"name":"StopWatch","decl":{"start":{"line":11,"column":24},"end":{"line":11,"column":33}},"loc":{"start":{"line":11,"column":36},"end":{"line":188,"column":1}},"line":11},"1":{"name":"(anonymous_1)","decl":{"start":{"line":41,"column":28},"end":{"line":41,"column":29}},"loc":{"start":{"line":41,"column":51},"end":{"line":43,"column":5}},"line":41},"2":{"name":"(anonymous_2)","decl":{"start":{"line":52,"column":14},"end":{"line":52,"column":15}},"loc":{"start":{"line":52,"column":20},"end":{"line":71,"column":5}},"line":52},"3":{"name":"(anonymous_3)","decl":{"start":{"line":59,"column":40},"end":{"line":59,"column":41}},"loc":{"start":{"line":59,"column":46},"end":{"line":62,"column":13}},"line":59},"4":{"name":"(anonymous_4)","decl":{"start":{"line":68,"column":15},"end":{"line":68,"column":16}},"loc":{"start":{"line":68,"column":21},"end":{"line":70,"column":9}},"line":68},"5":{"name":"(anonymous_5)","decl":{"start":{"line":92,"column":24},"end":{"line":92,"column":25}},"loc":{"start":{"line":92,"column":48},"end":{"line":149,"column":5}},"line":92},"6":{"name":"(anonymous_6)","decl":{"start":{"line":97,"column":23},"end":{"line":97,"column":24}},"loc":{"start":{"line":97,"column":38},"end":{"line":97,"column":60}},"line":97},"7":{"name":"(anonymous_7)","decl":{"start":{"line":122,"column":24},"end":{"line":122,"column":25}},"loc":{"start":{"line":122,"column":36},"end":{"line":122,"column":119}},"line":122},"8":{"name":"(anonymous_8)","decl":{"start":{"line":129,"column":24},"end":{"line":129,"column":25}},"loc":{"start":{"line":129,"column":36},"end":{"line":129,"column":91}},"line":129},"9":{"name":"(anonymous_9)","decl":{"start":{"line":172,"column":30},"end":{"line":172,"column":31}},"loc":{"start":{"line":173,"column":24},"end":{"line":180,"column":29}},"line":173},"10":{"name":"(anonymous_10)","decl":{"start":{"line":175,"column":37},"end":{"line":175,"column":38}},"loc":{"start":{"line":175,"column":43},"end":{"line":175,"column":59}},"line":175}},"branchMap":{"0":{"loc":{"start":{"line":53,"column":8},"end":{"line":65,"column":9}},"type":"if","locations":[{"start":{"line":53,"column":8},"end":{"line":65,"column":9}},{"start":{},"end":{}}],"line":53},"1":{"loc":{"start":{"line":74,"column":15},"end":{"line":74,"column":143}},"type":"cond-expr","locations":[{"start":{"line":74,"column":61},"end":{"line":74,"column":102}},{"start":{"line":74,"column":107},"end":{"line":74,"column":142}}],"line":74},"2":{"loc":{"start":{"line":75,"column":16},"end":{"line":75,"column":192}},"type":"cond-expr","locations":[{"start":{"line":75,"column":78},"end":{"line":75,"column":135}},{"start":{"line":75,"column":140},"end":{"line":75,"column":191}}],"line":75},"3":{"loc":{"start":{"line":76,"column":16},"end":{"line":76,"column":156}},"type":"cond-expr","locations":[{"start":{"line":76,"column":66},"end":{"line":76,"column":111}},{"start":{"line":76,"column":116},"end":{"line":76,"column":155}}],"line":76},"4":{"loc":{"start":{"line":77,"column":18},"end":{"line":77,"column":135}},"type":"cond-expr","locations":[{"start":{"line":77,"column":41},"end":{"line":77,"column":61}},{"start":{"line":77,"column":66},"end":{"line":77,"column":135}}],"line":77},"5":{"loc":{"start":{"line":77,"column":66},"end":{"line":77,"column":135}},"type":"cond-expr","locations":[{"start":{"line":77,"column":92},"end":{"line":77,"column":111}},{"start":{"line":77,"column":120},"end":{"line":77,"column":131}}],"line":77},"6":{"loc":{"start":{"line":95,"column":8},"end":{"line":146,"column":9}},"type":"if","locations":[{"start":{"line":95,"column":8},"end":{"line":146,"column":9}},{"start":{"line":132,"column":15},"end":{"line":146,"column":9}}],"line":95},"7":{"loc":{"start":{"line":100,"column":12},"end":{"line":130,"column":13}},"type":"if","locations":[{"start":{"line":100,"column":12},"end":{"line":130,"column":13}},{"start":{"line":123,"column":19},"end":{"line":130,"column":13}}],"line":100},"8":{"loc":{"start":{"line":105,"column":34},"end":{"line":105,"column":171}},"type":"cond-expr","locations":[{"start":{"line":105,"column":83},"end":{"line":105,"column":127}},{"start":{"line":105,"column":132},"end":{"line":105,"column":170}}],"line":105},"9":{"loc":{"start":{"line":106,"column":35},"end":{"line":106,"column":220}},"type":"cond-expr","locations":[{"start":{"line":106,"column":100},"end":{"line":106,"column":160}},{"start":{"line":106,"column":165},"end":{"line":106,"column":219}}],"line":106},"10":{"loc":{"start":{"line":107,"column":35},"end":{"line":107,"column":184}},"type":"cond-expr","locations":[{"start":{"line":107,"column":88},"end":{"line":107,"column":136}},{"start":{"line":107,"column":141},"end":{"line":107,"column":183}}],"line":107},"11":{"loc":{"start":{"line":108,"column":37},"end":{"line":108,"column":169}},"type":"cond-expr","locations":[{"start":{"line":108,"column":63},"end":{"line":108,"column":86}},{"start":{"line":108,"column":91},"end":{"line":108,"column":169}}],"line":108},"12":{"loc":{"start":{"line":108,"column":91},"end":{"line":108,"column":169}},"type":"cond-expr","locations":[{"start":{"line":108,"column":120},"end":{"line":108,"column":142}},{"start":{"line":108,"column":151},"end":{"line":108,"column":165}}],"line":108},"13":{"loc":{"start":{"line":111,"column":16},"end":{"line":117,"column":17}},"type":"if","locations":[{"start":{"line":111,"column":16},"end":{"line":117,"column":17}},{"start":{"line":114,"column":23},"end":{"line":117,"column":17}}],"line":111},"14":{"loc":{"start":{"line":114,"column":23},"end":{"line":117,"column":17}},"type":"if","locations":[{"start":{"line":114,"column":23},"end":{"line":117,"column":17}},{"start":{},"end":{}}],"line":114},"15":{"loc":{"start":{"line":177,"column":154},"end":{"line":177,"column":285}},"type":"cond-expr","locations":[{"start":{"line":177,"column":175},"end":{"line":177,"column":188}},{"start":{"line":177,"column":192},"end":{"line":177,"column":285}}],"line":177},"16":{"loc":{"start":{"line":177,"column":192},"end":{"line":177,"column":285}},"type":"cond-expr","locations":[{"start":{"line":177,"column":222},"end":{"line":177,"column":227}},{"start":{"line":177,"column":231},"end":{"line":177,"column":285}}],"line":177},"17":{"loc":{"start":{"line":177,"column":231},"end":{"line":177,"column":285}},"type":"cond-expr","locations":[{"start":{"line":177,"column":261},"end":{"line":177,"column":268}},{"start":{"line":177,"column":272},"end":{"line":177,"column":285}}],"line":177}},"s":{"0":33,"1":33,"2":33,"3":33,"4":33,"5":6,"6":33,"7":33,"8":33,"9":33,"10":21,"11":14,"12":14,"13":14,"14":2800,"15":2800,"16":21,"17":21,"18":33,"19":33,"20":33,"21":33,"22":33,"23":33,"24":33,"25":33,"26":33,"27":33,"28":33,"29":3,"30":2,"31":2,"32":2,"33":1,"34":1,"35":1,"36":1,"37":1,"38":1,"39":1,"40":1,"41":0,"42":0,"43":0,"44":1,"45":1,"46":1,"47":1,"48":1,"49":1,"50":1,"51":1,"52":1,"53":1,"54":1,"55":1,"56":1,"57":1,"58":33,"59":9,"60":0},"f":{"0":33,"1":6,"2":21,"3":2800,"4":21,"5":3,"6":2,"7":1,"8":1,"9":9,"10":0},"b":{"0":[14,7],"1":[33,0],"2":[33,0],"3":[31,2],"4":[33,0],"5":[0,0],"6":[2,1],"7":[1,1],"8":[1,0],"9":[1,0],"10":[1,0],"11":[1,0],"12":[0,0],"13":[1,0],"14":[0,0],"15":[3,6],"16":[3,3],"17":[3,0]},"_coverageSchema":"1a1c01bbd47fc00a2c39e90264f33305004495a9","hash":"85e5f86ec30d833635cbfe29a1bd786e1e3ecf31"}
,"/Users/oelmalak.22/Desktop/eng-intern-assessment-react/src/components/buttons/LapResetButton.tsx": {"path":"/Users/oelmalak.22/Desktop/eng-intern-assessment-react/src/components/buttons/LapResetButton.tsx","statementMap":{"0":{"start":{"line":10,"column":29},"end":{"line":20,"column":5}},"1":{"start":{"line":22,"column":27},"end":{"line":32,"column":5}},"2":{"start":{"line":34,"column":20},"end":{"line":34,"column":25}},"3":{"start":{"line":35,"column":22},"end":{"line":35,"column":29}},"4":{"start":{"line":37,"column":25},"end":{"line":37,"column":69}},"5":{"start":{"line":38,"column":24},"end":{"line":38,"column":54}},"6":{"start":{"line":42,"column":24},"end":{"line":52,"column":5}},"7":{"start":{"line":44,"column":8},"end":{"line":51,"column":9}},"8":{"start":{"line":45,"column":12},"end":{"line":45,"column":28}},"9":{"start":{"line":49,"column":12},"end":{"line":49,"column":27}},"10":{"start":{"line":54,"column":4},"end":{"line":61,"column":6}}},"fnMap":{"0":{"name":"LapResetButton","decl":{"start":{"line":9,"column":24},"end":{"line":9,"column":38}},"loc":{"start":{"line":9,"column":84},"end":{"line":62,"column":1}},"line":9},"1":{"name":"(anonymous_1)","decl":{"start":{"line":42,"column":24},"end":{"line":42,"column":25}},"loc":{"start":{"line":42,"column":30},"end":{"line":52,"column":5}},"line":42}},"branchMap":{"0":{"loc":{"start":{"line":37,"column":25},"end":{"line":37,"column":69}},"type":"cond-expr","locations":[{"start":{"line":37,"column":36},"end":{"line":37,"column":50}},{"start":{"line":37,"column":53},"end":{"line":37,"column":69}}],"line":37},"1":{"loc":{"start":{"line":38,"column":24},"end":{"line":38,"column":54}},"type":"cond-expr","locations":[{"start":{"line":38,"column":35},"end":{"line":38,"column":42}},{"start":{"line":38,"column":45},"end":{"line":38,"column":54}}],"line":38},"2":{"loc":{"start":{"line":44,"column":8},"end":{"line":51,"column":9}},"type":"if","locations":[{"start":{"line":44,"column":8},"end":{"line":51,"column":9}},{"start":{"line":47,"column":15},"end":{"line":51,"column":9}}],"line":44}},"s":{"0":33,"1":33,"2":33,"3":33,"4":33,"5":33,"6":33,"7":3,"8":1,"9":2,"10":33},"f":{"0":33,"1":3},"b":{"0":[26,7],"1":[26,7],"2":[1,2]},"_coverageSchema":"1a1c01bbd47fc00a2c39e90264f33305004495a9","hash":"9a0b79b25151ea88d3e063a49f9c036c14f5d15c"}
,"/Users/oelmalak.22/Desktop/eng-intern-assessment-react/src/components/buttons/StartStopButton.tsx": {"path":"/Users/oelmalak.22/Desktop/eng-intern-assessment-react/src/components/buttons/StartStopButton.tsx","statementMap":{"0":{"start":{"line":9,"column":28},"end":{"line":19,"column":5}},"1":{"start":{"line":21,"column":29},"end":{"line":31,"column":5}},"2":{"start":{"line":33,"column":22},"end":{"line":33,"column":29}},"3":{"start":{"line":34,"column":21},"end":{"line":34,"column":27}},"4":{"start":{"line":36,"column":30},"end":{"line":36,"column":44}},"5":{"start":{"line":38,"column":24},"end":{"line":42,"column":5}},"6":{"start":{"line":39,"column":8},"end":{"line":39,"column":44}},"7":{"start":{"line":39,"column":32},"end":{"line":39,"column":42}},"8":{"start":{"line":41,"column":8},"end":{"line":41,"column":37}},"9":{"start":{"line":44,"column":25},"end":{"line":44,"column":67}},"10":{"start":{"line":45,"column":24},"end":{"line":45,"column":52}},"11":{"start":{"line":47,"column":4},"end":{"line":54,"column":6}}},"fnMap":{"0":{"name":"StartStopButton","decl":{"start":{"line":8,"column":24},"end":{"line":8,"column":39}},"loc":{"start":{"line":8,"column":89},"end":{"line":55,"column":1}},"line":8},"1":{"name":"(anonymous_1)","decl":{"start":{"line":38,"column":24},"end":{"line":38,"column":25}},"loc":{"start":{"line":38,"column":30},"end":{"line":42,"column":5}},"line":38},"2":{"name":"(anonymous_2)","decl":{"start":{"line":39,"column":17},"end":{"line":39,"column":18}},"loc":{"start":{"line":39,"column":32},"end":{"line":39,"column":42}},"line":39}},"branchMap":{"0":{"loc":{"start":{"line":44,"column":25},"end":{"line":44,"column":67}},"type":"cond-expr","locations":[{"start":{"line":44,"column":33},"end":{"line":44,"column":49}},{"start":{"line":44,"column":52},"end":{"line":44,"column":67}}],"line":44},"1":{"loc":{"start":{"line":45,"column":24},"end":{"line":45,"column":52}},"type":"cond-expr","locations":[{"start":{"line":45,"column":32},"end":{"line":45,"column":41}},{"start":{"line":45,"column":44},"end":{"line":45,"column":52}}],"line":45}},"s":{"0":33,"1":33,"2":33,"3":33,"4":33,"5":33,"6":6,"7":6,"8":6,"9":33,"10":33,"11":33},"f":{"0":33,"1":6,"2":6},"b":{"0":[7,26],"1":[7,26]},"_coverageSchema":"1a1c01bbd47fc00a2c39e90264f33305004495a9","hash":"f8100689730bcff39a0a402eb1240e4ce0791806"}
}
