TN:
SF:src/components/StopWatch.tsx
FN:11,StopWatch
FN:41,(anonymous_1)
FN:52,(anonymous_2)
FN:59,(anonymous_3)
FN:68,(anonymous_4)
FN:92,(anonymous_5)
FN:97,(anonymous_6)
FN:122,(anonymous_7)
FN:129,(anonymous_8)
FN:172,(anonymous_9)
FN:175,(anonymous_10)
FNF:11
FNH:10
FNDA:33,StopWatch
FNDA:6,(anonymous_1)
FNDA:21,(anonymous_2)
FNDA:2800,(anonymous_3)
FNDA:21,(anonymous_4)
FNDA:3,(anonymous_5)
FNDA:2,(anonymous_6)
FNDA:1,(anonymous_7)
FNDA:1,(anonymous_8)
FNDA:9,(anonymous_9)
FNDA:0,(anonymous_10)
DA:13,33
DA:25,33
DA:35,33
DA:38,33
DA:41,33
DA:42,6
DA:45,33
DA:47,33
DA:49,33
DA:52,33
DA:53,21
DA:55,14
DA:56,14
DA:59,14
DA:60,2800
DA:61,2800
DA:68,21
DA:69,21
DA:74,33
DA:75,33
DA:76,33
DA:77,33
DA:80,33
DA:82,33
DA:85,33
DA:86,33
DA:88,33
DA:89,33
DA:92,33
DA:95,3
DA:97,2
DA:100,2
DA:102,1
DA:105,1
DA:106,1
DA:107,1
DA:108,1
DA:111,1
DA:112,1
DA:113,1
DA:114,0
DA:115,0
DA:116,0
DA:122,1
DA:125,1
DA:126,1
DA:129,1
DA:136,1
DA:137,1
DA:138,1
DA:139,1
DA:141,1
DA:142,1
DA:144,1
DA:145,1
DA:151,33
DA:173,9
DA:175,0
LF:58
LH:54
BRDA:53,0,0,14
BRDA:53,0,1,7
BRDA:74,1,0,33
BRDA:74,1,1,0
BRDA:75,2,0,33
BRDA:75,2,1,0
BRDA:76,3,0,31
BRDA:76,3,1,2
BRDA:77,4,0,33
BRDA:77,4,1,0
BRDA:77,5,0,0
BRDA:77,5,1,0
BRDA:95,6,0,2
BRDA:95,6,1,1
BRDA:100,7,0,1
BRDA:100,7,1,1
BRDA:105,8,0,1
BRDA:105,8,1,0
BRDA:106,9,0,1
BRDA:106,9,1,0
BRDA:107,10,0,1
BRDA:107,10,1,0
BRDA:108,11,0,1
BRDA:108,11,1,0
BRDA:108,12,0,0
BRDA:108,12,1,0
BRDA:111,13,0,1
BRDA:111,13,1,0
BRDA:114,14,0,0
BRDA:114,14,1,0
BRDA:177,15,0,3
BRDA:177,15,1,6
BRDA:177,16,0,3
BRDA:177,16,1,3
BRDA:177,17,0,3
BRDA:177,17,1,0
BRF:36
BRH:21
end_of_record
TN:
SF:src/components/buttons/LapResetButton.tsx
FN:9,LapResetButton
FN:42,(anonymous_1)
FNF:2
FNH:2
FNDA:33,LapResetButton
FNDA:3,(anonymous_1)
DA:10,33
DA:22,33
DA:34,33
DA:35,33
DA:37,33
DA:38,33
DA:42,33
DA:44,3
DA:45,1
DA:49,2
DA:54,33
LF:11
LH:11
BRDA:37,0,0,26
BRDA:37,0,1,7
BRDA:38,1,0,26
BRDA:38,1,1,7
BRDA:44,2,0,1
BRDA:44,2,1,2
BRF:6
BRH:6
end_of_record
TN:
SF:src/components/buttons/StartStopButton.tsx
FN:8,StartStopButton
FN:38,(anonymous_1)
FN:39,(anonymous_2)
FNF:3
FNH:3
FNDA:33,StartStopButton
FNDA:6,(anonymous_1)
FNDA:6,(anonymous_2)
DA:9,33
DA:21,33
DA:33,33
DA:34,33
DA:36,33
DA:38,33
DA:39,6
DA:41,6
DA:44,33
DA:45,33
DA:47,33
LF:11
LH:11
BRDA:44,0,0,7
BRDA:44,0,1,26
BRDA:45,1,0,7
BRDA:45,1,1,26
BRF:4
BRH:4
end_of_record
